Build started 3/20/2015 12:32:08 PM.
     1>Project "C:\Users\Jorge\Google Drive\Math 273\Projects\SpaceshipControl\SpaceshipControl.vcxproj" on node 2 (Build target(s)).
     1>ClCompile:
         C:\Program Files (x86)\Microsoft Visual Studio 12.0\VC\bin\CL.exe /c /I"C:\Program Files (x86)\Microsoft DirectX SDK (June 2010)\\Include" /ZI /nologo /W3 /WX- /Od /Oy- /D _MBCS /Gm /EHsc /RTC1 /MDd /GS /fp:precise /Zc:wchar_t /Zc:forScope /Fo"Debug\\" /Fd"Debug\vc120.pdb" /Gd /TP /analyze- /errorReport:prompt Source.cpp game.cpp graphics.cpp image.cpp input.cpp mario.cpp spacewar.cpp textureManager.cpp winmain.cpp
         Source.cpp
         Generating Code...
         Compiling...
         winmain.cpp
         textureManager.cpp
         spacewar.cpp
     1>c:\users\jorge\google drive\math 273\projects\spaceshipcontrol\spacewar.cpp(50): warning C4244: 'argument' : conversion from 'double' to 'float', possible loss of data
         mario.cpp
     1>c:\users\jorge\google drive\math 273\projects\spaceshipcontrol\mario.cpp(20): warning C4244: '=' : conversion from 'const double' to 'float', possible loss of data
     1>c:\users\jorge\google drive\math 273\projects\spaceshipcontrol\mario.cpp(31): warning C4244: 'argument' : conversion from 'double' to 'float', possible loss of data
     1>c:\users\jorge\google drive\math 273\projects\spaceshipcontrol\mario.cpp(39): warning C4244: 'argument' : conversion from 'double' to 'float', possible loss of data
         input.cpp
         image.cpp
         graphics.cpp
         game.cpp
         Generating Code...
       Link:
         C:\Program Files (x86)\Microsoft Visual Studio 12.0\VC\bin\link.exe /ERRORREPORT:PROMPT /OUT:"C:\Users\Jorge\Google Drive\Math 273\Projects\SpaceshipControl\Debug\SpaceshipControl.exe" /NOLOGO /LIBPATH:"C:\Program Files (x86)\Microsoft DirectX SDK (June 2010)\\Lib\x86" d3d9.lib d3dx9.lib winmm.lib xinput.lib kernel32.lib user32.lib gdi32.lib winspool.lib comdlg32.lib advapi32.lib shell32.lib ole32.lib oleaut32.lib uuid.lib odbc32.lib odbccp32.lib /MANIFEST /MANIFESTUAC:"level='asInvoker' uiAccess='false'" /manifest:embed /DEBUG /PDB:"C:\Users\Jorge\Google Drive\Math 273\Projects\SpaceshipControl\Debug\SpaceshipControl.pdb" /TLBID:1 /DYNAMICBASE /NXCOMPAT /IMPLIB:"C:\Users\Jorge\Google Drive\Math 273\Projects\SpaceshipControl\Debug\SpaceshipControl.lib" /MACHINE:X86 /SAFESEH Debug\game.obj
         Debug\graphics.obj
         Debug\image.obj
         Debug\input.obj
         Debug\mario.obj
         Debug\Source.obj
         Debug\spacewar.obj
         Debug\textureManager.obj
         Debug\winmain.obj
     1>game.obj : warning LNK4075: ignoring '/EDITANDCONTINUE' due to '/SAFESEH' specification
         SpaceshipControl.vcxproj -> C:\Users\Jorge\Google Drive\Math 273\Projects\SpaceshipControl\Debug\SpaceshipControl.exe
     1>Done Building Project "C:\Users\Jorge\Google Drive\Math 273\Projects\SpaceshipControl\SpaceshipControl.vcxproj" (Build target(s)).

Build succeeded.

Time Elapsed 00:00:06.88
